<?xml version="1.0" encoding="UTF-8"?>
<!-- Generated by org.testng.reporters.JUnitXMLReporter -->
<testsuite ignored="1" hostname="Arun_pal" failures="0" tests="3" name="Default test" time="15.135" errors="0" timestamp="2023-05-17T17:14:06 IST">
  <testcase classname="com.tutorialsninja.qa.testcases.Login" name="verifyLoginWithValidCredentials" time="0.693"/>
  <testcase classname="com.tutorialsninja.qa.testcases.Login" name="verifyLoginWithValidCredentials" time="0.585"/>
  <testcase classname="com.tutorialsninja.qa.testcases.Login" name="verifyLoginWithValidCredentials" time="0.602"/>
  <testcase classname="com.tutorialsninja.qa.testcases.Login" name="verifyLoginWithInvalidCredentials" time="0.0">
    <ignored/>
  </testcase> <!-- verifyLoginWithInvalidCredentials -->
</testsuite> <!-- Default test -->
