<?xml version="1.0" encoding="UTF-8"?>
<testng-results ignored="0" total="19" passed="19" failed="0" skipped="0">
  <reporter-output>
  </reporter-output>
  <suite started-at="2024-01-27T21:13:44 IST" name="Suite" finished-at="2024-01-27T21:15:04 IST" duration-ms="79875">
    <groups>
    </groups>
    <test started-at="2024-01-27T21:13:44 IST" name="Test" finished-at="2024-01-27T21:15:04 IST" duration-ms="79875">
      <class name="com.tutorialsninja.qa.testcases.RegisterTest">
        <test-method is-config="true" signature="setup()[pri:0, instance:com.tutorialsninja.qa.testcases.RegisterTest@158d2680]" started-at="2024-01-27T21:13:45 IST" name="setup" finished-at="2024-01-27T21:13:49 IST" duration-ms="3400" status="PASS">
          <reporter-output>
          </reporter-output>
        </test-method> <!-- setup -->
        <test-method signature="verifyRegisteringAnAccountWithMandatoryFields(java.lang.String,java.lang.String,java.lang.String,java.lang.String,java.lang.String)[pri:1, instance:com.tutorialsninja.qa.testcases.RegisterTest@158d2680]" started-at="2024-01-27T21:13:49 IST" name="verifyRegisteringAnAccountWithMandatoryFields" data-provider="registerAccountData" finished-at="2024-01-27T21:13:49 IST" duration-ms="848" status="PASS">
          <params>
            <param index="0">
              <value>
                <![CDATA[Navi]]>
              </value>
            </param>
            <param index="1">
              <value>
                <![CDATA[Pal]]>
              </value>
            </param>
            <param index="2">
              <value>
                <![CDATA[navipal@gmail.com]]>
              </value>
            </param>
            <param index="3">
              <value>
                <![CDATA[999111]]>
              </value>
            </param>
            <param index="4">
              <value>
                <![CDATA[12345]]>
              </value>
            </param>
          </params>
          <reporter-output>
          </reporter-output>
        </test-method> <!-- verifyRegisteringAnAccountWithMandatoryFields -->
        <test-method is-config="true" signature="tearDown()[pri:0, instance:com.tutorialsninja.qa.testcases.RegisterTest@158d2680]" started-at="2024-01-27T21:13:49 IST" name="tearDown" finished-at="2024-01-27T21:13:50 IST" duration-ms="72" status="PASS">
          <reporter-output>
          </reporter-output>
        </test-method> <!-- tearDown -->
        <test-method is-config="true" signature="setup()[pri:0, instance:com.tutorialsninja.qa.testcases.RegisterTest@158d2680]" started-at="2024-01-27T21:13:50 IST" name="setup" finished-at="2024-01-27T21:13:54 IST" duration-ms="4091" status="PASS">
          <reporter-output>
          </reporter-output>
        </test-method> <!-- setup -->
        <test-method signature="verifyRegisteringAnAccountWithMandatoryFields(java.lang.String,java.lang.String,java.lang.String,java.lang.String,java.lang.String)[pri:1, instance:com.tutorialsninja.qa.testcases.RegisterTest@158d2680]" started-at="2024-01-27T21:13:54 IST" name="verifyRegisteringAnAccountWithMandatoryFields" data-provider="registerAccountData" finished-at="2024-01-27T21:13:54 IST" duration-ms="827" status="PASS">
          <params>
            <param index="0">
              <value>
                <![CDATA[Aru]]>
              </value>
            </param>
            <param index="1">
              <value>
                <![CDATA[Pal]]>
              </value>
            </param>
            <param index="2">
              <value>
                <![CDATA[arupal@gmail.com]]>
              </value>
            </param>
            <param index="3">
              <value>
                <![CDATA[999222]]>
              </value>
            </param>
            <param index="4">
              <value>
                <![CDATA[12345]]>
              </value>
            </param>
          </params>
          <reporter-output>
          </reporter-output>
        </test-method> <!-- verifyRegisteringAnAccountWithMandatoryFields -->
        <test-method is-config="true" signature="tearDown()[pri:0, instance:com.tutorialsninja.qa.testcases.RegisterTest@158d2680]" started-at="2024-01-27T21:13:54 IST" name="tearDown" finished-at="2024-01-27T21:13:54 IST" duration-ms="68" status="PASS">
          <reporter-output>
          </reporter-output>
        </test-method> <!-- tearDown -->
        <test-method is-config="true" signature="setup()[pri:0, instance:com.tutorialsninja.qa.testcases.RegisterTest@158d2680]" started-at="2024-01-27T21:13:55 IST" name="setup" finished-at="2024-01-27T21:13:58 IST" duration-ms="2976" status="PASS">
          <reporter-output>
          </reporter-output>
        </test-method> <!-- setup -->
        <test-method signature="verifyRegisteringAccountByProvidingAllFields(java.lang.String,java.lang.String,java.lang.String,java.lang.String,java.lang.String)[pri:2, instance:com.tutorialsninja.qa.testcases.RegisterTest@158d2680]" started-at="2024-01-27T21:13:58 IST" name="verifyRegisteringAccountByProvidingAllFields" data-provider="registerAccountData" finished-at="2024-01-27T21:13:58 IST" duration-ms="844" status="PASS">
          <params>
            <param index="0">
              <value>
                <![CDATA[Navi]]>
              </value>
            </param>
            <param index="1">
              <value>
                <![CDATA[Pal]]>
              </value>
            </param>
            <param index="2">
              <value>
                <![CDATA[navipal@gmail.com]]>
              </value>
            </param>
            <param index="3">
              <value>
                <![CDATA[999111]]>
              </value>
            </param>
            <param index="4">
              <value>
                <![CDATA[12345]]>
              </value>
            </param>
          </params>
          <reporter-output>
          </reporter-output>
        </test-method> <!-- verifyRegisteringAccountByProvidingAllFields -->
        <test-method is-config="true" signature="tearDown()[pri:0, instance:com.tutorialsninja.qa.testcases.RegisterTest@158d2680]" started-at="2024-01-27T21:13:58 IST" name="tearDown" finished-at="2024-01-27T21:13:58 IST" duration-ms="62" status="PASS">
          <reporter-output>
          </reporter-output>
        </test-method> <!-- tearDown -->
        <test-method is-config="true" signature="setup()[pri:0, instance:com.tutorialsninja.qa.testcases.RegisterTest@158d2680]" started-at="2024-01-27T21:13:58 IST" name="setup" finished-at="2024-01-27T21:14:01 IST" duration-ms="2986" status="PASS">
          <reporter-output>
          </reporter-output>
        </test-method> <!-- setup -->
        <test-method signature="verifyRegisteringAccountByProvidingAllFields(java.lang.String,java.lang.String,java.lang.String,java.lang.String,java.lang.String)[pri:2, instance:com.tutorialsninja.qa.testcases.RegisterTest@158d2680]" started-at="2024-01-27T21:14:01 IST" name="verifyRegisteringAccountByProvidingAllFields" data-provider="registerAccountData" finished-at="2024-01-27T21:14:02 IST" duration-ms="904" status="PASS">
          <params>
            <param index="0">
              <value>
                <![CDATA[Aru]]>
              </value>
            </param>
            <param index="1">
              <value>
                <![CDATA[Pal]]>
              </value>
            </param>
            <param index="2">
              <value>
                <![CDATA[arupal@gmail.com]]>
              </value>
            </param>
            <param index="3">
              <value>
                <![CDATA[999222]]>
              </value>
            </param>
            <param index="4">
              <value>
                <![CDATA[12345]]>
              </value>
            </param>
          </params>
          <reporter-output>
          </reporter-output>
        </test-method> <!-- verifyRegisteringAccountByProvidingAllFields -->
        <test-method is-config="true" signature="tearDown()[pri:0, instance:com.tutorialsninja.qa.testcases.RegisterTest@158d2680]" started-at="2024-01-27T21:14:02 IST" name="tearDown" finished-at="2024-01-27T21:14:02 IST" duration-ms="76" status="PASS">
          <reporter-output>
          </reporter-output>
        </test-method> <!-- tearDown -->
        <test-method is-config="true" signature="setup()[pri:0, instance:com.tutorialsninja.qa.testcases.RegisterTest@158d2680]" started-at="2024-01-27T21:14:02 IST" name="setup" finished-at="2024-01-27T21:14:05 IST" duration-ms="2891" status="PASS">
          <reporter-output>
          </reporter-output>
        </test-method> <!-- setup -->
        <test-method signature="VerifyRegisteringAccountWithExistingEmailAddress(java.lang.String,java.lang.String,java.lang.String,java.lang.String,java.lang.String)[pri:3, instance:com.tutorialsninja.qa.testcases.RegisterTest@158d2680]" started-at="2024-01-27T21:14:05 IST" name="VerifyRegisteringAccountWithExistingEmailAddress" data-provider="registerAccountData" finished-at="2024-01-27T21:14:06 IST" duration-ms="716" status="PASS">
          <params>
            <param index="0">
              <value>
                <![CDATA[Navi]]>
              </value>
            </param>
            <param index="1">
              <value>
                <![CDATA[Pal]]>
              </value>
            </param>
            <param index="2">
              <value>
                <![CDATA[navipal@gmail.com]]>
              </value>
            </param>
            <param index="3">
              <value>
                <![CDATA[999111]]>
              </value>
            </param>
            <param index="4">
              <value>
                <![CDATA[12345]]>
              </value>
            </param>
          </params>
          <reporter-output>
          </reporter-output>
        </test-method> <!-- VerifyRegisteringAccountWithExistingEmailAddress -->
        <test-method is-config="true" signature="tearDown()[pri:0, instance:com.tutorialsninja.qa.testcases.RegisterTest@158d2680]" started-at="2024-01-27T21:14:06 IST" name="tearDown" finished-at="2024-01-27T21:14:06 IST" duration-ms="61" status="PASS">
          <reporter-output>
          </reporter-output>
        </test-method> <!-- tearDown -->
        <test-method is-config="true" signature="setup()[pri:0, instance:com.tutorialsninja.qa.testcases.RegisterTest@158d2680]" started-at="2024-01-27T21:14:06 IST" name="setup" finished-at="2024-01-27T21:14:12 IST" duration-ms="6049" status="PASS">
          <reporter-output>
          </reporter-output>
        </test-method> <!-- setup -->
        <test-method signature="VerifyRegisteringAccountWithExistingEmailAddress(java.lang.String,java.lang.String,java.lang.String,java.lang.String,java.lang.String)[pri:3, instance:com.tutorialsninja.qa.testcases.RegisterTest@158d2680]" started-at="2024-01-27T21:14:12 IST" name="VerifyRegisteringAccountWithExistingEmailAddress" data-provider="registerAccountData" finished-at="2024-01-27T21:14:13 IST" duration-ms="655" status="PASS">
          <params>
            <param index="0">
              <value>
                <![CDATA[Aru]]>
              </value>
            </param>
            <param index="1">
              <value>
                <![CDATA[Pal]]>
              </value>
            </param>
            <param index="2">
              <value>
                <![CDATA[arupal@gmail.com]]>
              </value>
            </param>
            <param index="3">
              <value>
                <![CDATA[999222]]>
              </value>
            </param>
            <param index="4">
              <value>
                <![CDATA[12345]]>
              </value>
            </param>
          </params>
          <reporter-output>
          </reporter-output>
        </test-method> <!-- VerifyRegisteringAccountWithExistingEmailAddress -->
        <test-method is-config="true" signature="tearDown()[pri:0, instance:com.tutorialsninja.qa.testcases.RegisterTest@158d2680]" started-at="2024-01-27T21:14:13 IST" name="tearDown" finished-at="2024-01-27T21:14:13 IST" duration-ms="76" status="PASS">
          <reporter-output>
          </reporter-output>
        </test-method> <!-- tearDown -->
      </class> <!-- com.tutorialsninja.qa.testcases.RegisterTest -->
      <class name="com.tutorialsninja.qa.testcases.LoginTest">
        <test-method is-config="true" signature="setup()[pri:0, instance:com.tutorialsninja.qa.testcases.LoginTest@7c7b252e]" started-at="2024-01-27T21:14:13 IST" name="setup" finished-at="2024-01-27T21:14:16 IST" duration-ms="3101" status="PASS">
          <reporter-output>
          </reporter-output>
        </test-method> <!-- setup -->
        <test-method signature="verifyLoginWithValidCredentials(java.lang.String,java.lang.String)[pri:1, instance:com.tutorialsninja.qa.testcases.LoginTest@7c7b252e]" started-at="2024-01-27T21:14:16 IST" name="verifyLoginWithValidCredentials" data-provider="vailidTestData" finished-at="2024-01-27T21:14:17 IST" duration-ms="605" status="PASS">
          <params>
            <param index="0">
              <value>
                <![CDATA[navi3@gmail.com]]>
              </value>
            </param>
            <param index="1">
              <value>
                <![CDATA[12345]]>
              </value>
            </param>
          </params>
          <reporter-output>
          </reporter-output>
        </test-method> <!-- verifyLoginWithValidCredentials -->
        <test-method is-config="true" signature="tearDown()[pri:0, instance:com.tutorialsninja.qa.testcases.LoginTest@7c7b252e]" started-at="2024-01-27T21:14:17 IST" name="tearDown" finished-at="2024-01-27T21:14:17 IST" duration-ms="75" status="PASS">
          <reporter-output>
          </reporter-output>
        </test-method> <!-- tearDown -->
        <test-method is-config="true" signature="setup()[pri:0, instance:com.tutorialsninja.qa.testcases.LoginTest@7c7b252e]" started-at="2024-01-27T21:14:17 IST" name="setup" finished-at="2024-01-27T21:14:19 IST" duration-ms="2558" status="PASS">
          <reporter-output>
          </reporter-output>
        </test-method> <!-- setup -->
        <test-method signature="verifyLoginWithValidCredentials(java.lang.String,java.lang.String)[pri:1, instance:com.tutorialsninja.qa.testcases.LoginTest@7c7b252e]" started-at="2024-01-27T21:14:19 IST" name="verifyLoginWithValidCredentials" data-provider="vailidTestData" finished-at="2024-01-27T21:14:20 IST" duration-ms="573" status="PASS">
          <params>
            <param index="0">
              <value>
                <![CDATA[navi1@gmail.com]]>
              </value>
            </param>
            <param index="1">
              <value>
                <![CDATA[12345]]>
              </value>
            </param>
          </params>
          <reporter-output>
          </reporter-output>
        </test-method> <!-- verifyLoginWithValidCredentials -->
        <test-method is-config="true" signature="tearDown()[pri:0, instance:com.tutorialsninja.qa.testcases.LoginTest@7c7b252e]" started-at="2024-01-27T21:14:20 IST" name="tearDown" finished-at="2024-01-27T21:14:20 IST" duration-ms="72" status="PASS">
          <reporter-output>
          </reporter-output>
        </test-method> <!-- tearDown -->
        <test-method is-config="true" signature="setup()[pri:0, instance:com.tutorialsninja.qa.testcases.LoginTest@7c7b252e]" started-at="2024-01-27T21:14:20 IST" name="setup" finished-at="2024-01-27T21:14:22 IST" duration-ms="2502" status="PASS">
          <reporter-output>
          </reporter-output>
        </test-method> <!-- setup -->
        <test-method signature="verifyLoginWithValidCredentials(java.lang.String,java.lang.String)[pri:1, instance:com.tutorialsninja.qa.testcases.LoginTest@7c7b252e]" started-at="2024-01-27T21:14:22 IST" name="verifyLoginWithValidCredentials" data-provider="vailidTestData" finished-at="2024-01-27T21:14:23 IST" duration-ms="656" status="PASS">
          <params>
            <param index="0">
              <value>
                <![CDATA[navi2@gmail.com]]>
              </value>
            </param>
            <param index="1">
              <value>
                <![CDATA[12345]]>
              </value>
            </param>
          </params>
          <reporter-output>
          </reporter-output>
        </test-method> <!-- verifyLoginWithValidCredentials -->
        <test-method is-config="true" signature="tearDown()[pri:0, instance:com.tutorialsninja.qa.testcases.LoginTest@7c7b252e]" started-at="2024-01-27T21:14:23 IST" name="tearDown" finished-at="2024-01-27T21:14:23 IST" duration-ms="72" status="PASS">
          <reporter-output>
          </reporter-output>
        </test-method> <!-- tearDown -->
        <test-method is-config="true" signature="setup()[pri:0, instance:com.tutorialsninja.qa.testcases.LoginTest@7c7b252e]" started-at="2024-01-27T21:14:23 IST" name="setup" finished-at="2024-01-27T21:14:26 IST" duration-ms="2605" status="PASS">
          <reporter-output>
          </reporter-output>
        </test-method> <!-- setup -->
        <test-method signature="verifyLoginWithInvalidCredentials()[pri:2, instance:com.tutorialsninja.qa.testcases.LoginTest@7c7b252e]" started-at="2024-01-27T21:14:26 IST" name="verifyLoginWithInvalidCredentials" finished-at="2024-01-27T21:14:26 IST" duration-ms="462" status="PASS">
          <reporter-output>
          </reporter-output>
        </test-method> <!-- verifyLoginWithInvalidCredentials -->
        <test-method is-config="true" signature="tearDown()[pri:0, instance:com.tutorialsninja.qa.testcases.LoginTest@7c7b252e]" started-at="2024-01-27T21:14:26 IST" name="tearDown" finished-at="2024-01-27T21:14:26 IST" duration-ms="77" status="PASS">
          <reporter-output>
          </reporter-output>
        </test-method> <!-- tearDown -->
        <test-method is-config="true" signature="setup()[pri:0, instance:com.tutorialsninja.qa.testcases.LoginTest@7c7b252e]" started-at="2024-01-27T21:14:26 IST" name="setup" finished-at="2024-01-27T21:14:29 IST" duration-ms="2599" status="PASS">
          <reporter-output>
          </reporter-output>
        </test-method> <!-- setup -->
        <test-method signature="verifyLoginWithValidEmailAndInvalidPassword(java.lang.String,java.lang.String)[pri:3, instance:com.tutorialsninja.qa.testcases.LoginTest@7c7b252e]" started-at="2024-01-27T21:14:29 IST" name="verifyLoginWithValidEmailAndInvalidPassword" data-provider="vailidTestData" finished-at="2024-01-27T21:14:29 IST" duration-ms="549" status="PASS">
          <params>
            <param index="0">
              <value>
                <![CDATA[navi3@gmail.com]]>
              </value>
            </param>
            <param index="1">
              <value>
                <![CDATA[12345]]>
              </value>
            </param>
          </params>
          <reporter-output>
          </reporter-output>
        </test-method> <!-- verifyLoginWithValidEmailAndInvalidPassword -->
        <test-method is-config="true" signature="tearDown()[pri:0, instance:com.tutorialsninja.qa.testcases.LoginTest@7c7b252e]" started-at="2024-01-27T21:14:29 IST" name="tearDown" finished-at="2024-01-27T21:14:29 IST" duration-ms="74" status="PASS">
          <reporter-output>
          </reporter-output>
        </test-method> <!-- tearDown -->
        <test-method is-config="true" signature="setup()[pri:0, instance:com.tutorialsninja.qa.testcases.LoginTest@7c7b252e]" started-at="2024-01-27T21:14:29 IST" name="setup" finished-at="2024-01-27T21:14:33 IST" duration-ms="3240" status="PASS">
          <reporter-output>
          </reporter-output>
        </test-method> <!-- setup -->
        <test-method signature="verifyLoginWithValidEmailAndInvalidPassword(java.lang.String,java.lang.String)[pri:3, instance:com.tutorialsninja.qa.testcases.LoginTest@7c7b252e]" started-at="2024-01-27T21:14:33 IST" name="verifyLoginWithValidEmailAndInvalidPassword" data-provider="vailidTestData" finished-at="2024-01-27T21:14:33 IST" duration-ms="556" status="PASS">
          <params>
            <param index="0">
              <value>
                <![CDATA[navi1@gmail.com]]>
              </value>
            </param>
            <param index="1">
              <value>
                <![CDATA[12345]]>
              </value>
            </param>
          </params>
          <reporter-output>
          </reporter-output>
        </test-method> <!-- verifyLoginWithValidEmailAndInvalidPassword -->
        <test-method is-config="true" signature="tearDown()[pri:0, instance:com.tutorialsninja.qa.testcases.LoginTest@7c7b252e]" started-at="2024-01-27T21:14:33 IST" name="tearDown" finished-at="2024-01-27T21:14:33 IST" duration-ms="66" status="PASS">
          <reporter-output>
          </reporter-output>
        </test-method> <!-- tearDown -->
        <test-method is-config="true" signature="setup()[pri:0, instance:com.tutorialsninja.qa.testcases.LoginTest@7c7b252e]" started-at="2024-01-27T21:14:33 IST" name="setup" finished-at="2024-01-27T21:14:36 IST" duration-ms="2988" status="PASS">
          <reporter-output>
          </reporter-output>
        </test-method> <!-- setup -->
        <test-method signature="verifyLoginWithValidEmailAndInvalidPassword(java.lang.String,java.lang.String)[pri:3, instance:com.tutorialsninja.qa.testcases.LoginTest@7c7b252e]" started-at="2024-01-27T21:14:36 IST" name="verifyLoginWithValidEmailAndInvalidPassword" data-provider="vailidTestData" finished-at="2024-01-27T21:14:37 IST" duration-ms="550" status="PASS">
          <params>
            <param index="0">
              <value>
                <![CDATA[navi2@gmail.com]]>
              </value>
            </param>
            <param index="1">
              <value>
                <![CDATA[12345]]>
              </value>
            </param>
          </params>
          <reporter-output>
          </reporter-output>
        </test-method> <!-- verifyLoginWithValidEmailAndInvalidPassword -->
        <test-method is-config="true" signature="tearDown()[pri:0, instance:com.tutorialsninja.qa.testcases.LoginTest@7c7b252e]" started-at="2024-01-27T21:14:37 IST" name="tearDown" finished-at="2024-01-27T21:14:37 IST" duration-ms="70" status="PASS">
          <reporter-output>
          </reporter-output>
        </test-method> <!-- tearDown -->
        <test-method is-config="true" signature="setup()[pri:0, instance:com.tutorialsninja.qa.testcases.LoginTest@7c7b252e]" started-at="2024-01-27T21:14:37 IST" name="setup" finished-at="2024-01-27T21:14:40 IST" duration-ms="3042" status="PASS">
          <reporter-output>
          </reporter-output>
        </test-method> <!-- setup -->
        <test-method signature="verifyLoginWithInvalidEmailAndValidPassword(java.lang.String,java.lang.String)[pri:4, instance:com.tutorialsninja.qa.testcases.LoginTest@7c7b252e]" started-at="2024-01-27T21:14:40 IST" name="verifyLoginWithInvalidEmailAndValidPassword" data-provider="vailidTestData" finished-at="2024-01-27T21:14:40 IST" duration-ms="403" status="PASS">
          <params>
            <param index="0">
              <value>
                <![CDATA[navi3@gmail.com]]>
              </value>
            </param>
            <param index="1">
              <value>
                <![CDATA[12345]]>
              </value>
            </param>
          </params>
          <reporter-output>
          </reporter-output>
        </test-method> <!-- verifyLoginWithInvalidEmailAndValidPassword -->
        <test-method is-config="true" signature="tearDown()[pri:0, instance:com.tutorialsninja.qa.testcases.LoginTest@7c7b252e]" started-at="2024-01-27T21:14:40 IST" name="tearDown" finished-at="2024-01-27T21:14:40 IST" duration-ms="75" status="PASS">
          <reporter-output>
          </reporter-output>
        </test-method> <!-- tearDown -->
        <test-method is-config="true" signature="setup()[pri:0, instance:com.tutorialsninja.qa.testcases.LoginTest@7c7b252e]" started-at="2024-01-27T21:14:40 IST" name="setup" finished-at="2024-01-27T21:14:43 IST" duration-ms="2858" status="PASS">
          <reporter-output>
          </reporter-output>
        </test-method> <!-- setup -->
        <test-method signature="verifyLoginWithInvalidEmailAndValidPassword(java.lang.String,java.lang.String)[pri:4, instance:com.tutorialsninja.qa.testcases.LoginTest@7c7b252e]" started-at="2024-01-27T21:14:43 IST" name="verifyLoginWithInvalidEmailAndValidPassword" data-provider="vailidTestData" finished-at="2024-01-27T21:14:44 IST" duration-ms="369" status="PASS">
          <params>
            <param index="0">
              <value>
                <![CDATA[navi1@gmail.com]]>
              </value>
            </param>
            <param index="1">
              <value>
                <![CDATA[12345]]>
              </value>
            </param>
          </params>
          <reporter-output>
          </reporter-output>
        </test-method> <!-- verifyLoginWithInvalidEmailAndValidPassword -->
        <test-method is-config="true" signature="tearDown()[pri:0, instance:com.tutorialsninja.qa.testcases.LoginTest@7c7b252e]" started-at="2024-01-27T21:14:44 IST" name="tearDown" finished-at="2024-01-27T21:14:44 IST" duration-ms="79" status="PASS">
          <reporter-output>
          </reporter-output>
        </test-method> <!-- tearDown -->
        <test-method is-config="true" signature="setup()[pri:0, instance:com.tutorialsninja.qa.testcases.LoginTest@7c7b252e]" started-at="2024-01-27T21:14:44 IST" name="setup" finished-at="2024-01-27T21:14:47 IST" duration-ms="2910" status="PASS">
          <reporter-output>
          </reporter-output>
        </test-method> <!-- setup -->
        <test-method signature="verifyLoginWithInvalidEmailAndValidPassword(java.lang.String,java.lang.String)[pri:4, instance:com.tutorialsninja.qa.testcases.LoginTest@7c7b252e]" started-at="2024-01-27T21:14:47 IST" name="verifyLoginWithInvalidEmailAndValidPassword" data-provider="vailidTestData" finished-at="2024-01-27T21:14:47 IST" duration-ms="615" status="PASS">
          <params>
            <param index="0">
              <value>
                <![CDATA[navi2@gmail.com]]>
              </value>
            </param>
            <param index="1">
              <value>
                <![CDATA[12345]]>
              </value>
            </param>
          </params>
          <reporter-output>
          </reporter-output>
        </test-method> <!-- verifyLoginWithInvalidEmailAndValidPassword -->
        <test-method is-config="true" signature="tearDown()[pri:0, instance:com.tutorialsninja.qa.testcases.LoginTest@7c7b252e]" started-at="2024-01-27T21:14:47 IST" name="tearDown" finished-at="2024-01-27T21:14:47 IST" duration-ms="74" status="PASS">
          <reporter-output>
          </reporter-output>
        </test-method> <!-- tearDown -->
        <test-method is-config="true" signature="setup()[pri:0, instance:com.tutorialsninja.qa.testcases.LoginTest@7c7b252e]" started-at="2024-01-27T21:14:47 IST" name="setup" finished-at="2024-01-27T21:14:51 IST" duration-ms="3776" status="PASS">
          <reporter-output>
          </reporter-output>
        </test-method> <!-- setup -->
        <test-method signature="verifyLoginWithOnlyValidEmailSkippingPassword(java.lang.String,java.lang.String)[pri:5, instance:com.tutorialsninja.qa.testcases.LoginTest@7c7b252e]" started-at="2024-01-27T21:14:51 IST" name="verifyLoginWithOnlyValidEmailSkippingPassword" data-provider="vailidTestData" finished-at="2024-01-27T21:14:53 IST" duration-ms="2352" status="PASS">
          <params>
            <param index="0">
              <value>
                <![CDATA[navi3@gmail.com]]>
              </value>
            </param>
            <param index="1">
              <value>
                <![CDATA[12345]]>
              </value>
            </param>
          </params>
          <reporter-output>
          </reporter-output>
        </test-method> <!-- verifyLoginWithOnlyValidEmailSkippingPassword -->
        <test-method is-config="true" signature="tearDown()[pri:0, instance:com.tutorialsninja.qa.testcases.LoginTest@7c7b252e]" started-at="2024-01-27T21:14:54 IST" name="tearDown" finished-at="2024-01-27T21:14:54 IST" duration-ms="66" status="PASS">
          <reporter-output>
          </reporter-output>
        </test-method> <!-- tearDown -->
        <test-method is-config="true" signature="setup()[pri:0, instance:com.tutorialsninja.qa.testcases.LoginTest@7c7b252e]" started-at="2024-01-27T21:14:54 IST" name="setup" finished-at="2024-01-27T21:14:57 IST" duration-ms="3021" status="PASS">
          <reporter-output>
          </reporter-output>
        </test-method> <!-- setup -->
        <test-method signature="verifyLoginWithOnlyValidEmailSkippingPassword(java.lang.String,java.lang.String)[pri:5, instance:com.tutorialsninja.qa.testcases.LoginTest@7c7b252e]" started-at="2024-01-27T21:14:57 IST" name="verifyLoginWithOnlyValidEmailSkippingPassword" data-provider="vailidTestData" finished-at="2024-01-27T21:14:59 IST" duration-ms="2346" status="PASS">
          <params>
            <param index="0">
              <value>
                <![CDATA[navi1@gmail.com]]>
              </value>
            </param>
            <param index="1">
              <value>
                <![CDATA[12345]]>
              </value>
            </param>
          </params>
          <reporter-output>
          </reporter-output>
        </test-method> <!-- verifyLoginWithOnlyValidEmailSkippingPassword -->
        <test-method is-config="true" signature="tearDown()[pri:0, instance:com.tutorialsninja.qa.testcases.LoginTest@7c7b252e]" started-at="2024-01-27T21:14:59 IST" name="tearDown" finished-at="2024-01-27T21:14:59 IST" duration-ms="94" status="PASS">
          <reporter-output>
          </reporter-output>
        </test-method> <!-- tearDown -->
        <test-method is-config="true" signature="setup()[pri:0, instance:com.tutorialsninja.qa.testcases.LoginTest@7c7b252e]" started-at="2024-01-27T21:14:59 IST" name="setup" finished-at="2024-01-27T21:15:02 IST" duration-ms="2834" status="PASS">
          <reporter-output>
          </reporter-output>
        </test-method> <!-- setup -->
        <test-method signature="verifyLoginWithOnlyValidEmailSkippingPassword(java.lang.String,java.lang.String)[pri:5, instance:com.tutorialsninja.qa.testcases.LoginTest@7c7b252e]" started-at="2024-01-27T21:15:02 IST" name="verifyLoginWithOnlyValidEmailSkippingPassword" data-provider="vailidTestData" finished-at="2024-01-27T21:15:04 IST" duration-ms="2385" status="PASS">
          <params>
            <param index="0">
              <value>
                <![CDATA[navi2@gmail.com]]>
              </value>
            </param>
            <param index="1">
              <value>
                <![CDATA[12345]]>
              </value>
            </param>
          </params>
          <reporter-output>
          </reporter-output>
        </test-method> <!-- verifyLoginWithOnlyValidEmailSkippingPassword -->
        <test-method is-config="true" signature="tearDown()[pri:0, instance:com.tutorialsninja.qa.testcases.LoginTest@7c7b252e]" started-at="2024-01-27T21:15:04 IST" name="tearDown" finished-at="2024-01-27T21:15:04 IST" duration-ms="80" status="PASS">
          <reporter-output>
          </reporter-output>
        </test-method> <!-- tearDown -->
      </class> <!-- com.tutorialsninja.qa.testcases.LoginTest -->
    </test> <!-- Test -->
  </suite> <!-- Suite -->
</testng-results>
